[92mLevel: [info][39m
[92m[39m[95mContext: [index.ts][39m
[95m[39m[94mMessage: [37mPosts[39m[94m [39m
[94m[39m[93mDetails: [37m[[39m[93m[39m
[93m[37m  {[39m[93m[39m
[93m[37m    "userId": 1,[39m[93m[39m
[93m[37m    "id": 1,[39m[93m[39m
[93m[37m    "title": "sunt aut facere repellat provident occaecati excepturi optio reprehenderit",[39m[93m[39m
[93m[37m    "body": "quia et suscipit\nsuscipit recusandae consequuntur expedita et cum\nreprehenderit molestiae ut ut quas totam\nnostrum rerum est autem sunt rem eveniet architecto"[39m[93m[39m
[93m[37m  },[39m[93m[39m
[93m[37m  {[39m[93m[39m
[93m[37m    "userId": 1,[39m[93m[39m
[93m[37m    "id": 2,[39m[93m[39m
[93m[37m    "title": "qui est esse",[39m[93m[39m
[93m[37m    "body": "est rerum tempore vitae\nsequi sint nihil reprehenderit dolor beatae ea dolores neque\nfugiat blanditiis voluptate porro vel nihil molestiae ut reiciendis\nqui aperiam non debitis possimus qui neque nisi nulla"[39m[93m[39m
[93m[37m  },[39m[93m[39m
[93m[37m  {[39m[93m[39m
[93m[37m    "userId": 1,[39m[93m[39m
[93m[37m    "id": 3,[39m[93m[39m
[93m[37m    "title": "ea molestias quasi exercitationem repellat qui ipsa sit aut",[39m[93m[39m
[93m[37m    "body": "et iusto sed quo iure\nvoluptatem occaecati omnis eligendi aut ad\nvoluptatem doloribus vel accusantium quis pariatur\nmolestiae porro eius odio et labore et velit aut"[39m[93m[39m
[93m[37m  },[39m[93m[39m
[93m[37m  {[39m[93m[39m
[93m[37m    "userId": 1,[39m[93m[39m
[93m[37m    "id": 4,[39m[93m[39m
[93m[37m    "title": "eum et est occaecati",[39m[93m[39m
[93m[37m    "body": "ullam et saepe reiciendis voluptatem adipisci\nsit amet autem assumenda provident rerum culpa\nquis hic commodi nesciunt rem tenetur doloremque ipsam iure\nquis sunt voluptatem rerum illo velit"[39m[93m[39m
[93m[37m  },[39m[93m[39m
[93m[37m  {[39m[93m[39m
[93m[37m    "userId": 1,[39m[93m[39m
[93m[37m    "id": 5,[39m[93m[39m
[93m[37m    "title": "nesciunt quas odio",[39m[93m[39m
[93m[37m    "body": "repudiandae veniam quaerat sunt sed\nalias aut fugiat sit autem sed est\nvoluptatem omnis possimus esse voluptatibus quis\nest aut tenetur dolor neque"[39m[93m[39m
[93m[37m  },[39m[93m[39m
[93m[37m  {[39m[93m[39m
[93m[37m    "userId": 1,[39m[93m[39m
[93m[37m    "id": 6,[39m[93m[39m
[93m[37m    "title": "dolorem eum magni eos aperiam quia",[39m[93m[39m
[93m[37m    "body": "ut aspernatur corporis harum nihil quis provident sequi\nmollitia nobis aliquid molestiae\nperspiciatis et ea nemo ab reprehenderit accusantium quas\nvoluptate dolores velit et doloremque molestiae"[39m[93m[39m
[93m[37m  },[39m[93m[39m
[93m[37m  {[39m[93m[39m
[93m[37m    "userId": 1,[39m[93m[39m
[93m[37m    "id": 7,[39m[93m[39m
[93m[37m    "title": "magnam facilis autem",[39m[93m[39m
[93m[37m    "body": "dolore placeat quibusdam ea quo vitae\nmagni quis enim qui quis quo nemo aut saepe\nquidem repellat excepturi ut quia\nsunt ut sequi eos ea sed quas"[39m[93m[39m
[93m[37m  },[39m[93m[39m
[93m[37m  {[39m[93m[39m
[93m[37m    "userId": 1,[39m[93m[39m
[93m[37m    "id": 8,[39m[93m[39m
[93m[37m    "title": "dolorem dolore est ipsam",[39m[93m[39m
[93m[37m    "body": "dignissimos aperiam dolorem qui eum\nfacilis quibusdam animi sint suscipit qui sint possimus cum\nquaerat magni maiores excepturi\nipsam ut commodi dolor voluptatum modi aut vitae"[39m[93m[39m
[93m[37m  },[39m[93m[39m
[93m[37m  {[39m[93m[39m
[93m[37m    "userId": 1,[39m[93m[39m
[93m[37m    "id": 9,[39m[93m[39m
[93m[37m    "title": "nesciunt iure omnis dolorem tempora et accusantium",[39m[93m[39m
[93m[37m    "body": "consectetur animi nesciunt iure dolore\nenim quia ad\nveniam autem ut quam aut nobis\net est aut quod aut provident voluptas autem voluptas"[39m[93m[39m
[93m[37m  },[39m[93m[39m
[93m[37m  {[39m[93m[39m
[93m[37m    "userId": 1,[39m[93m[39m
[93m[37m    "id": 10,[39m[93m[39m
[93m[37m    "title": "optio molestias id quia eum",[39m[93m[39m
[93m[37m    "body": "quo et expedita modi cum officia vel magni\ndoloribus qui repudiandae\nvero nisi sit\nquos veniam quod sed accusamus veritatis error"[39m[93m[39m
[93m[37m  },[39m[93m[39m
[93m[37m  {[39m[93m[39m
[93m[37m    "userId": 2,[39m[93m[39m
[93m[37m    "id": 11,[39m[93m[39m
[93m[37m    "title": "et ea vero quia laudantium autem",[39m[93m[39m
[93m[37m    "body": "delectus reiciendis molestiae occaecati non minima eveniet qui voluptatibus\naccusamus in eum beatae sit\nvel qui neque voluptates ut commodi qui incidunt\nut animi commodi"[39m[93m[39m
[93m[37m  },[39m[93m[39m
[93m[37m  {[39m[93m[39m
[93m[37m    "userId": 2,[39m[93m[39m
[93m[37m    "id": 12,[39m[93m[39m
[93m[37m    "title": "in quibusdam tempore odit est dolorem",[39m[93m[39m
[93m[37m    "body": "itaque id aut magnam\npraesentium quia et ea odit et ea voluptas et\nsapiente quia nihil amet occaecati quia id voluptatem\nincidunt ea est distinctio odio"[39m[93m[39m
[93m[37m  },[39m[93m[39m
[93m[37m  {[39m[93m[39m
[93m[37m    "userId": 2,[39m[93m[39m
[93m[37m    "id": 13,[39m[93m[39m
[93m[37m    "title": "dolorum ut in voluptas mollitia et saepe quo animi",[39m[93m[39m
[93m[37m    "body": "aut dicta possimus sint mollitia voluptas commodi quo doloremque\niste corrupti reiciendis voluptatem eius rerum\nsit cumque quod eligendi laborum minima\nperferendis recusandae assumenda consectetur porro architecto ipsum ipsam"[39m[93m[39m
[93m[37m  },[39m[93m[39m
[93m[37m  {[39m[93m[39m
[93m[37m    "userId": 2,[39m[93m[39m
[93m[37m    "id": 14,[39m[93m[39m
[93m[37m    "title": "voluptatem eligendi optio",[39m[93m[39m
[93m[37m    "body": "fuga et accusamus dolorum perferendis illo voluptas\nnon doloremque neque facere\nad qui dolorum molestiae beatae\nsed aut voluptas totam sit illum"[39m[93m[39m
[93m[37m  },[39m[93m[39m
[93m[37m  {[39m[93m[39m
[93m[37m    "userId": 2,[39m[93m[39m
[93m[37m    "id": 15,[39m[93m[39m
[93m[37m    "title": "eveniet quod temporibus",[39m[93m[39m
[93m[37m    "body": "reprehenderit quos placeat\nvelit minima officia dolores impedit repudiandae molestiae nam\nvoluptas recusandae quis delectus\nofficiis harum fugiat vitae"[39m[93m[39m
[93m[37m  },[39m[93m[39m
[93m[37m  {[39m[93m[39m
[93m[37m    "userId": 2,[39m[93m[39m
[93m[37m    "id": 16,[39m[93m[39m
[93m[37m    "title": "sint suscipit perspiciatis velit dolorum rerum ipsa laboriosam odio",[39m[93m[39m
[93m[37m    "body": "suscipit nam nisi quo aperiam aut\nasperiores eos fugit maiores voluptatibus quia\nvoluptatem quis ullam qui in alias quia est\nconsequatur magni mollitia accusamus ea nisi voluptate dicta"[39m[93m[39m
[93m[37m  },[39m[93m[39m
[93m[37m  {[39m[93m[39m
[93m[37m    "userId": 2,[39m[93m[39m
[93m[37m    "id": 17,[39m[93m[39m
[93m[37m    "title": "fugit voluptas sed molestias voluptatem provident",[39m[93m[39m
[93m[37m    "body": "eos voluptas et aut odit natus earum\naspernatur fuga molestiae ullam\ndeserunt ratione qui eos\nqui nihil ratione nemo velit ut aut id quo"[39m[93m[39m
[93m[37m  },[39m[93m[39m
[93m[37m  {[39m[93m[39m
[93m[37m    "userId": 2,[39m[93m[39m
[93m[37m    "id": 18,[39m[93m[39m
[93m[37m    "title": "voluptate et itaque vero tempora molestiae",[39m[93m[39m
[93m[37m    "body": "eveniet quo quis\nlaborum totam consequatur non dolor\nut et est repudiandae\nest voluptatem vel debitis et magnam"[39m[93m[39m
[93m[37m  },[39m[93m[39m
[93m[37m  {[39m[93m[39m
[93m[37m    "userId": 2,[39m[93m[39m
[93m[37m    "id": 19,[39m[93m[39m
[93m[37m    "title": "adipisci placeat illum aut reiciendis qui",[39m[93m[39m
[93m[37m    "body": "illum quis cupiditate provident sit magnam\nea sed aut omnis\nveniam maiores ullam consequatur atque\nadipisci quo iste expedita sit quos voluptas"[39m[93m[39m
[93m[37m  },[39m[93m[39m
[93m[37m  {[39m[93m[39m
[93m[37m    "userId": 2,[39m[93m[39m
[93m[37m    "id": 20,[39m[93m[39m
[93m[37m    "title": "doloribus ad provident suscipit at",[39m[93m[39m
[93m[37m    "body": "qui consequuntur ducimus possimus quisquam amet similique\nsuscipit porro ipsam amet\neos veritatis officiis exercitationem vel fugit aut necessitatibus totam\nomnis rerum consequatur expedita quidem cumque explicabo"[39m[93m[39m
[93m[37m  },[39m[93m[39m
[93m[37m  {[39m[93m[39m
[93m[37m    "userId": 3,[39m[93m[39m
[93m[37m    "id": 21,[39m[93m[39m
[93m[37m    "title": "asperiores ea ipsam voluptatibus modi minima quia sint",[39m[93m[39m
[93m[37m    "body": "repellat aliquid praesentium dolorem quo\nsed totam minus non itaque\nnihil labore molestiae sunt dolor eveniet hic recusandae veniam\ntempora et tenetur expedita sunt"[39m[93m[39m
[93m[37m  },[39m[93m[39m
[93m[37m  {[39m[93m[39m
[93m[37m    "userId": 3,[39m[93m[39m
[93m[37m    "id": 22,[39m[93m[39m
[93m[37m    "title": "dolor sint quo a velit explicabo quia nam",[39m[93m[39m
[93m[37m    "body": "eos qui et ipsum ipsam suscipit aut\nsed omnis non odio\nexpedita earum mollitia molestiae aut atque rem suscipit\nnam impedit esse"[39m[93m[39m
[93m[37m  },[39m[93m[39m
[93m[37m  {[39m[93m[39m
[93m[37m    "userId": 3,[39m[93m[39m
[93m[37m    "id": 23,[39m[93m[39m
[93m[37m    "title": "maxime id vitae nihil numquam",[39m[93m[39m
[93m[37m    "body": "veritatis unde neque eligendi\nquae quod architecto quo neque vitae\nest illo sit tempora doloremque fugit quod\net et vel beatae sequi ullam sed tenetur perspiciatis"[39m[93m[39m
[93m[37m  },[39m[93m[39m
[93m[37m  {[39m[93m[39m
[93m[37m    "userId": 3,[39m[93m[39m
[93m[37m    "id": 24,[39m[93m[39m
[93m[37m    "title": "autem hic labore sunt dolores incidunt",[39m[93m[39m
[93m[37m    "body": "enim et ex nulla\nomnis voluptas quia qui\nvoluptatem consequatur numquam aliquam sunt\ntotam recusandae id dignissimos aut sed asperiores deserunt"[39m[93m[39m
[93m[37m  },[39m[93m[39m
[93m[37m  {[39m[93m[39m
[93m[37m    "userId": 3,[39m[93m[39m
[93m[37m    "id": 25,[39m[93m[39m
[93m[37m    "title": "rem alias distinctio quo quis",[39m[93m[39m
[93m[37m    "body": "ullam consequatur ut\nomnis quis sit vel consequuntur\nipsa eligendi ipsum molestiae et omnis error nostrum\nmolestiae illo tempore quia et distinctio"[39m[93m[39m
[93m[37m  },[39m[93m[39m
[93m[37m  {[39m[93m[39m
[93m[37m    "userId": 3,[39m[93m[39m
[93m[37m    "id": 26,[39m[93m[39m
[93m[37m    "title": "est et quae odit qui non",[39m[93m[39m
[93m[37m    "body": "similique esse doloribus nihil accusamus\nomnis dolorem fuga consequuntur reprehenderit fugit recusandae temporibus\nperspiciatis cum ut laudantium\nomnis aut molestiae vel vero"[39m[93m[39m
[93m[37m  },[39m[93m[39m
[93m[37m  {[39m[93m[39m
[93m[37m    "userId": 3,[39m[93m[39m
[93m[37m    "id": 27,[39m[93m[39m
[93m[37m    "title": "quasi id et eos tenetur aut quo autem",[39m[93m[39m
[93m[37m    "body": "eum sed dolores ipsam sint possimus debitis occaecati\ndebitis qui qui et\nut placeat enim earum aut odit facilis\nconsequatur suscipit necessitatibus rerum sed inventore temporibus consequatur"[39m[93m[39m
[93m[37m  },[39m[93m[39m
[93m[37m  {[39m[93m[39m
[93m[37m    "userId": 3,[39m[93m[39m
[93m[37m    "id": 28,[39m[93m[39m
[93m[37m    "title": "delectus ullam et corporis nulla voluptas sequi",[39m[93m[39m
[93m[37m    "body": "non et quaerat ex quae ad maiores\nmaiores recusandae totam aut blanditiis mollitia quas illo\nut voluptatibus voluptatem\nsimilique nostrum eum"[39m[93m[39m
[93m[37m  },[39m[93m[39m
[93m[37m  {[39m[93m[39m
[93m[37m    "userId": 3,[39m[93m[39m
[93m[37m    "id": 29,[39m[93m[39m
[93m[37m    "title": "iusto eius quod necessitatibus culpa ea",[39m[93m[39m
[93m[37m    "body": "odit magnam ut saepe sed non qui\ntempora atque nihil\naccusamus illum doloribus illo dolor\neligendi repudiandae odit magni similique sed cum maiores"[39m[93m[39m
[93m[37m  },[39m[93m[39m
[93m[37m  {[39m[93m[39m
[93m[37m    "userId": 3,[39m[93m[39m
[93m[37m    "id": 30,[39m[93m[39m
[93m[37m    "title": "a quo magni similique perferendis",[39m[93m[39m
[93m[37m    "body": "alias dolor cumque\nimpedit blanditiis non eveniet odio maxime\nblanditiis amet eius quis tempora quia autem rem\na provident perspiciatis quia"[39m[93m[39m
[93m[37m  },[39m[93m[39m
[93m[37m  {[39m[93m[39m
[93m[37m    "userId": 4,[39m[93m[39m
[93m[37m    "id": 31,[39m[93m[39m
[93m[37m    "title": "ullam ut quidem id aut vel consequuntur",[39m[93m[39m
[93m[37m    "body": "debitis eius sed quibusdam non quis consectetur vitae\nimpedit ut qui consequatur sed aut in\nquidem sit nostrum et maiores adipisci atque\nquaerat voluptatem adipisci repudiandae"[39m[93m[39m
[93m[37m  },[39m[93m[39m
[93m[37m  {[39m[93m[39m
[93m[37m    "userId": 4,[39m[93m[39m
[93m[37m    "id": 32,[39m[93m[39m
[93m[37m    "title": "doloremque illum aliquid sunt",[39m[93m[39m
[93m[37m    "body": "deserunt eos nobis asperiores et hic\nest debitis repellat molestiae optio\nnihil ratione ut eos beatae quibusdam distinctio maiores\nearum voluptates et aut adipisci ea maiores voluptas maxime"[39m[93m[39m
[93m[37m  },[39m[93m[39m
[93m[37m  {[39m[93m[39m
[93m[37m    "userId": 4,[39m[93m[39m
[93m[37m    "id": 33,[39m[93m[39m
[93m[37m    "title": "qui explicabo molestiae dolorem",[39m[93m[39m
[93m[37m    "body": "rerum ut et numquam laborum odit est sit\nid qui sint in\nquasi tenetur tempore aperiam et quaerat qui in\nrerum officiis sequi cumque quod"[39m[93m[39m
[93m[37m  },[39m[93m[39m
[93m[37m  {[39m[93m[39m
[93m[37m    "userId": 4,[39m[93m[39m
[93m[37m    "id": 34,[39m[93m[39m
[93m[37m    "title": "magnam ut rerum iure",[39m[93m[39m
[93m[37m    "body": "ea velit perferendis earum ut voluptatem voluptate itaque iusto\ntotam pariatur in\nnemo voluptatem voluptatem autem magni tempora minima in\nest distinctio qui assumenda accusamus dignissimos officia nesciunt nobis"[39m[93m[39m
[93m[37m  },[39m[93m[39m
[93m[37m  {[39m[93m[39m
[93m[37m    "userId": 4,[39m[93m[39m
[93m[37m    "id": 35,[39m[93m[39m
[93m[37m    "title": "id nihil consequatur molestias animi provident",[39m[93m[39m
[93m[37m    "body": "nisi error delectus possimus ut eligendi vitae\nplaceat eos harum cupiditate facilis reprehenderit voluptatem beatae\nmodi ducimus quo illum voluptas eligendi\net nobis quia fugit"[39m[93m[39m
[93m[37m  },[39m[93m[39m
[93m[37m  {[39m[93m[39m
[93m[37m    "userId": 4,[39m[93m[39m
[93m[37m    "id": 36,[39m[93m[39m
[93m[37m    "title": "fuga nam accusamus voluptas reiciendis itaque",[39m[93m[39m
[93m[37m    "body": "ad mollitia et omnis minus architecto odit\nvoluptas doloremque maxime aut non ipsa qui alias veniam\nblanditiis culpa aut quia nihil cumque facere et occaecati\nqui aspernatur quia eaque ut aperiam inventore"[39m[93m[39m
[93m[37m  },[39m[93m[39m
[93m[37m  {[39m[93m[39m
[93m[37m    "userId": 4,[39m[93m[39m
[93m[37m    "id": 37,[39m[93m[39m
[93m[37m    "title": "provident vel ut sit ratione est",[39m[93m[39m
[93m[37m    "body": "debitis et eaque non officia sed nesciunt pariatur vel\nvoluptatem iste vero et ea\nnumquam aut expedita ipsum nulla in\nvoluptates omnis consequatur aut enim officiis in quam qui"[39m[93m[39m
[93m[37m  },[39m[93m[39m
[93m[37m  {[39m[93m[39m
[93m[37m    "userId": 4,[39m[93m[39m
[93m[37m    "id": 38,[39m[93m[39m
[93m[37m    "title": "explicabo et eos deleniti nostrum ab id repellendus",[39m[93m[39m
[93m[37m    "body": "animi esse sit aut sit nesciunt assumenda eum voluptas\nquia voluptatibus provident quia necessitatibus ea\nrerum repudiandae quia voluptatem delectus fugit aut id quia\nratione optio eos iusto veniam iure"[39m[93m[39m
[93m[37m  },[39m[93m[39m
[93m[37m  {[39m[93m[39m
[93m[37m    "userId": 4,[39m[93m[39m
[93m[37m    "id": 39,[39m[93m[39m
[93m[37m    "title": "eos dolorem iste accusantium est eaque quam",[39m[93m[39m
[93m[37m    "body": "corporis rerum ducimus vel eum accusantium\nmaxime aspernatur a porro possimus iste omnis\nest in deleniti asperiores fuga aut\nvoluptas sapiente vel dolore minus voluptatem incidunt ex"[39m[93m[39m
[93m[37m  },[39m[93m[39m
[93m[37m  {[39m[93m[39m
[93m[37m    "userId": 4,[39m[93m[39m
[93m[37m    "id": 40,[39m[93m[39m
[93m[37m    "title": "enim quo cumque",[39m[93m[39m
[93m[37m    "body": "ut voluptatum aliquid illo tenetur nemo sequi quo facilis\nipsum rem optio mollitia quas\nvoluptatem eum voluptas qui\nunde omnis voluptatem iure quasi maxime voluptas nam"[39m[93m[39m
[93m[37m  },[39m[93m[39m
[93m[37m  {[39m[93m[39m
[93m[37m    "userId": 5,[39m[93m[39m
[93m[37m    "id": 41,[39m[93m[39m
[93m[37m    "title": "non est facere",[39m[93m[39m
[93m[37m    "body": "molestias id nostrum\nexcepturi molestiae dolore omnis repellendus quaerat saepe\nconsectetur iste quaerat tenetur asperiores accusamus ex ut\nnam quidem est ducimus sunt debitis saepe"[39m[93m[39m
[93m[37m  },[39m[93m[39m
[93m[37m  {[39m[93m[39m
[93m[37m    "userId": 5,[39m[93m[39m
[93m[37m    "id": 42,[39m[93m[39m
[93m[37m    "title": "commodi ullam sint et excepturi error explicabo praesentium voluptas",[39m[93m[39m
[93m[37m    "body": "odio fugit voluptatum ducimus earum autem est incidunt voluptatem\nodit reiciendis aliquam sunt sequi nulla dolorem\nnon facere repellendus voluptates quia\nratione harum vitae ut"[39m[93m[39m
[93m[37m  },[39m[93m[39m
[93m[37m  {[39m[93m[39m
[93m[37m    "userId": 5,[39m[93m[39m
[93m[37m    "id": 43,[39m[93m[39m
[93m[37m    "title": "eligendi iste nostrum consequuntur adipisci praesentium sit beatae perferendis",[39m[93m[39m
[93m[37m    "body": "similique fugit est\nillum et dolorum harum et voluptate eaque quidem\nexercitationem quos nam commodi possimus cum odio nihil nulla\ndolorum exercitationem magnam ex et a et distinctio debitis"[39m[93m[39m
[93m[37m  },[39m[93m[39m
[93m[37m  {[39m[93m[39m
[93m[37m    "userId": 5,[39m[93m[39m
[93m[37m    "id": 44,[39m[93m[39m
[93m[37m    "title": "optio dolor molestias sit",[39m[93m[39m
[93m[37m    "body": "temporibus est consectetur dolore\net libero debitis vel velit laboriosam quia\nipsum quibusdam qui itaque fuga rem aut\nea et iure quam sed maxime ut distinctio quae"[39m[93m[39m
[93m[37m  },[39m[93m[39m
[93m[37m  {[39m[93m[39m
[93m[37m    "userId": 5,[39m[93m[39m
[93m[37m    "id": 45,[39m[93m[39m
[93m[37m    "title": "ut numquam possimus omnis eius suscipit laudantium iure",[39m[93m[39m
[93m[37m    "body": "est natus reiciendis nihil possimus aut provident\nex et dolor\nrepellat pariatur est\nnobis rerum repellendus dolorem autem"[39m[93m[39m
[93m[37m  },[39m[93m[39m
[93m[37m  {[39m[93m[39m
[93m[37m    "userId": 5,[39m[93m[39m
[93m[37m    "id": 46,[39m[93m[39m
[93m[37m    "title": "aut quo modi neque nostrum ducimus",[39m[93m[39m
[93m[37m    "body": "voluptatem quisquam iste\nvoluptatibus natus officiis facilis dolorem\nquis quas ipsam\nvel et voluptatum in aliquid"[39m[93m[39m
[93m[37m  },[39m[93m[39m
[93m[37m  {[39m[93m[39m
[93m[37m    "userId": 5,[39m[93m[39m
[93m[37m    "id": 47,[39m[93m[39m
[93m[37m    "title": "quibusdam cumque rem aut deserunt",[39m[93m[39m
[93m[37m    "body": "voluptatem assumenda ut qui ut cupiditate aut impedit veniam\noccaecati nemo illum voluptatem laudantium\nmolestiae beatae rerum ea iure soluta nostrum\neligendi et voluptate"[39m[93m[39m
[93m[37m  },[39m[93m[39m
[93m[37m  {[39m[93m[39m
[93m[37m    "userId": 5,[39m[93m[39m
[93m[37m    "id": 48,[39m[93m[39m
[93m[37m    "title": "ut voluptatem illum ea doloribus itaque eos",[39m[93m[39m
[93m[37m    "body": "voluptates quo voluptatem facilis iure occaecati\nvel assumenda rerum officia et\nillum perspiciatis ab deleniti\nlaudantium repellat ad ut et autem reprehenderit"[39m[93m[39m
[93m[37m  },[39m[93m[39m
[93m[37m  {[39m[93m[39m
[93m[37m    "userId": 5,[39m[93m[39m
[93m[37m    "id": 49,[39m[93m[39m
[93m[37m    "title": "laborum non sunt aut ut assumenda perspiciatis voluptas",[39m[93m[39m
[93m[37m    "body": "inventore ab sint\nnatus fugit id nulla sequi architecto nihil quaerat\neos tenetur in in eum veritatis non\nquibusdam officiis aspernatur cumque aut commodi aut"[39m[93m[39m
[93m[37m  },[39m[93m[39m
[93m[37m  {[39m[93m[39m
[93m[37m    "userId": 5,[39m[93m[39m
[93m[37m    "id": 50,[39m[93m[39m
[93m[37m    "title": "repellendus qui recusandae incidunt voluptates tenetur qui omnis exercitationem",[39m[93m[39m
[93m[37m    "body": "error suscipit maxime adipisci consequuntur recusandae\nvoluptas eligendi et est et voluptates\nquia distinctio ab amet quaerat molestiae et vitae\nadipisci impedit sequi nesciunt quis consectetur"[39m[93m[39m
[93m[37m  },[39m[93m[39m
[93m[37m  {[39m[93m[39m
[93m[37m    "userId": 6,[39m[93m[39m
[93m[37m    "id": 51,[39m[93m[39m
[93m[37m    "title": "soluta aliquam aperiam consequatur illo quis voluptas",[39m[93m[39m
[93m[37m    "body": "sunt dolores aut doloribus\ndolore doloribus voluptates tempora et\ndoloremque et quo\ncum asperiores sit consectetur dolorem"[39m[93m[39m
[93m[37m  },[39m[93m[39m
[93m[37m  {[39m[93m[39m
[93m[37m    "userId": 6,[39m[93m[39m
[93m[37m    "id": 52,[39m[93m[39m
[93m[37m    "title": "qui enim et consequuntur quia animi quis voluptate quibusdam",[39m[93m[39m
[93m[37m    "body": "iusto est quibusdam fuga quas quaerat molestias\na enim ut sit accusamus enim\ntemporibus iusto accusantium provident architecto\nsoluta esse reprehenderit qui laborum"[39m[93m[39m
[93m[37m  },[39m[93m[39m
[93m[37m  {[39m[93m[39m
[93m[37m    "userId": 6,[39m[93m[39m
[93m[37m    "id": 53,[39m[93m[39m
[93m[37m    "title": "ut quo aut ducimus alias",[39m[93m[39m
[93m[37m    "body": "minima harum praesentium eum rerum illo dolore\nquasi exercitationem rerum nam\nporro quis neque quo\nconsequatur minus dolor quidem veritatis sunt non explicabo similique"[39m[93m[39m
[93m[37m  },[39m[93m[39m
[93m[37m  {[39m[93m[39m
[93m[37m    "userId": 6,[39m[93m[39m
[93m[37m    "id": 54,[39m[93m[39m
[93m[37m    "title": "sit asperiores ipsam eveniet odio non quia",[39m[93m[39m
[93m[37m    "body": "totam corporis dignissimos\nvitae dolorem ut occaecati accusamus\nex velit deserunt\net exercitationem vero incidunt corrupti mollitia"[39m[93m[39m
[93m[37m  },[39m[93m[39m
[93m[37m  {[39m[93m[39m
[93m[37m    "userId": 6,[39m[93m[39m
[93m[37m    "id": 55,[39m[93m[39m
[93m[37m    "title": "sit vel voluptatem et non libero",[39m[93m[39m
[93m[37m    "body": "debitis excepturi ea perferendis harum libero optio\neos accusamus cum fuga ut sapiente repudiandae\net ut incidunt omnis molestiae\nnihil ut eum odit"[39m[93m[39m
[93m[37m  },[39m[93m[39m
[93m[37m  {[39m[93m[39m
[93m[37m    "userId": 6,[39m[93m[39m
[93m[37m    "id": 56,[39m[93m[39m
[93m[37m    "title": "qui et at rerum necessitatibus",[39m[93m[39m
[93m[37m    "body": "aut est omnis dolores\nneque rerum quod ea rerum velit pariatur beatae excepturi\net provident voluptas corrupti\ncorporis harum reprehenderit dolores eligendi"[39m[93m[39m
[93m[37m  },[39m[93m[39m
[93m[37m  {[39m[93m[39m
[93m[37m    "userId": 6,[39m[93m[39m
[93m[37m    "id": 57,[39m[93m[39m
[93m[37m    "title": "sed ab est est",[39m[93m[39m
[93m[37m    "body": "at pariatur consequuntur earum quidem\nquo est laudantium soluta voluptatem\nqui ullam et est\net cum voluptas voluptatum repellat est"[39m[93m[39m
[93m[37m  },[39m[93m[39m
[93m[37m  {[39m[93m[39m
[93m[37m    "userId": 6,[39m[93m[39m
[93m[37m    "id": 58,[39m[93m[39m
[93m[37m    "title": "voluptatum itaque dolores nisi et quasi",[39m[93m[39m
[93m[37m    "body": "veniam voluptatum quae adipisci id\net id quia eos ad et dolorem\naliquam quo nisi sunt eos impedit error\nad similique veniam"[39m[93m[39m
[93m[37m  },[39m[93m[39m
[93m[37m  {[39m[93m[39m
[93m[37m    "userId": 6,[39m[93m[39m
[93m[37m    "id": 59,[39m[93m[39m
[93m[37m    "title": "qui commodi dolor at maiores et quis id accusantium",[39m[93m[39m
[93m[37m    "body": "perspiciatis et quam ea autem temporibus non voluptatibus qui\nbeatae a earum officia nesciunt dolores suscipit voluptas et\nanimi doloribus cum rerum quas et magni\net hic ut ut commodi expedita sunt"[39m[93m[39m
[93m[37m  },[39m[93m[39m
[93m[37m  {[39m[93m[39m
[93m[37m    "userId": 6,[39m[93m[39m
[93m[37m    "id": 60,[39m[93m[39m
[93m[37m    "title": "consequatur placeat omnis quisquam quia reprehenderit fugit veritatis facere",[39m[93m[39m
[93m[37m    "body": "asperiores sunt ab assumenda cumque modi velit\nqui esse omnis\nvoluptate et fuga perferendis voluptas\nillo ratione amet aut et omnis"[39m[93m[39m
[93m[37m  },[39m[93m[39m
[93m[37m  {[39m[93m[39m
[93m[37m    "userId": 7,[39m[93m[39m
[93m[37m    "id": 61,[39m[93m[39m
[93m[37m    "title": "voluptatem doloribus consectetur est ut ducimus",[39m[93m[39m
[93m[37m    "body": "ab nemo optio odio\ndelectus tenetur corporis similique nobis repellendus rerum omnis facilis\nvero blanditiis debitis in nesciunt doloribus dicta dolores\nmagnam minus velit"[39m[93m[39m
[93m[37m  },[39m[93m[39m
[93m[37m  {[39m[93m[39m
[93m[37m    "userId": 7,[39m[93m[39m
[93m[37m    "id": 62,[39m[93m[39m
[93m[37m    "title": "beatae enim quia vel",[39m[93m[39m
[93m[37m    "body": "enim aspernatur illo distinctio quae praesentium\nbeatae alias amet delectus qui voluptate distinctio\nodit sint accusantium autem omnis\nquo molestiae omnis ea eveniet optio"[39m[93m[39m
[93m[37m  },[39m[93m[39m
[93m[37m  {[39m[93m[39m
[93m[37m    "userId": 7,[39m[93m[39m
[93m[37m    "id": 63,[39m[93m[39m
[93m[37m    "title": "voluptas blanditiis repellendus animi ducimus error sapiente et suscipit",[39m[93m[39m
[93m[37m    "body": "enim adipisci aspernatur nemo\nnumquam omnis facere dolorem dolor ex quis temporibus incidunt\nab delectus culpa quo reprehenderit blanditiis asperiores\naccusantium ut quam in voluptatibus voluptas ipsam dicta"[39m[93m[39m
[93m[37m  },[39m[93m[39m
[93m[37m  {[39m[93m[39m
[93m[37m    "userId": 7,[39m[93m[39m
[93m[37m    "id": 64,[39m[93m[39m
[93m[37m    "title": "et fugit quas eum in in aperiam quod",[39m[93m[39m
[93m[37m    "body": "id velit blanditiis\neum ea voluptatem\nmolestiae sint occaecati est eos perspiciatis\nincidunt a error provident eaque aut aut qui"[39m[93m[39m
[93m[37m  },[39m[93m[39m
[93m[37m  {[39m[93m[39m
[93m[37m    "userId": 7,[39m[93m[39m
[93m[37m    "id": 65,[39m[93m[39m
[93m[37m    "title": "consequatur id enim sunt et et",[39m[93m[39m
[93m[37m    "body": "voluptatibus ex esse\nsint explicabo est aliquid cumque adipisci fuga repellat labore\nmolestiae corrupti ex saepe at asperiores et perferendis\nnatus id esse incidunt pariatur"[39m[93m[39m
[93m[37m  },[39m[93m[39m
[93m[37m  {[39m[93m[39m
[93m[37m    "userId": 7,[39m[93m[39m
[93m[37m    "id": 66,[39m[93m[39m
[93m[37m    "title": "repudiandae ea animi iusto",[39m[93m[39m
[93m[37m    "body": "officia veritatis tenetur vero qui itaque\nsint non ratione\nsed et ut asperiores iusto eos molestiae nostrum\nveritatis quibusdam et nemo iusto saepe"[39m[93m[39m
[93m[37m  },[39m[93m[39m
[93m[37m  {[39m[93m[39m
[93m[37m    "userId": 7,[39m[93m[39m
[93m[37m    "id": 67,[39m[93m[39m
[93m[37m    "title": "aliquid eos sed fuga est maxime repellendus",[39m[93m[39m
[93m[37m    "body": "reprehenderit id nostrum\nvoluptas doloremque pariatur sint et accusantium quia quod aspernatur\net fugiat amet\nnon sapiente et consequatur necessitatibus molestiae"[39m[93m[39m
[93m[37m  },[39m[93m[39m
[93m[37m  {[39m[93m[39m
[93m[37m    "userId": 7,[39m[93m[39m
[93m[37m    "id": 68,[39m[93m[39m
[93m[37m    "title": "odio quis facere architecto reiciendis optio",[39m[93m[39m
[93m[37m    "body": "magnam molestiae perferendis quisquam\nqui cum reiciendis\nquaerat animi amet hic inventore\nea quia deleniti quidem saepe porro velit"[39m[93m[39m
[93m[37m  },[39m[93m[39m
[93m[37m  {[39m[93m[39m
[93m[37m    "userId": 7,[39m[93m[39m
[93m[37m    "id": 69,[39m[93m[39m
[93m[37m    "title": "fugiat quod pariatur odit minima",[39m[93m[39m
[93m[37m    "body": "officiis error culpa consequatur modi asperiores et\ndolorum assumenda voluptas et vel qui aut vel rerum\nvoluptatum quisquam perspiciatis quia rerum consequatur totam quas\nsequi commodi repudiandae asperiores et saepe a"[39m[93m[39m
[93m[37m  },[39m[93m[39m
[93m[37m  {[39m[93m[39m
[93m[37m    "userId": 7,[39m[93m[39m
[93m[37m    "id": 70,[39m[93m[39m
[93m[37m    "title": "voluptatem laborum magni",[39m[93m[39m
[93m[37m    "body": "sunt repellendus quae\nest asperiores aut deleniti esse accusamus repellendus quia aut\nquia dolorem unde\neum tempora esse dolore"[39m[93m[39m
[93m[37m  },[39m[93m[39m
[93m[37m  {[39m[93m[39m
[93m[37m    "userId": 8,[39m[93m[39m
[93m[37m    "id": 71,[39m[93m[39m
[93m[37m    "title": "et iusto veniam et illum aut fuga",[39m[93m[39m
[93m[37m    "body": "occaecati a doloribus\niste saepe consectetur placeat eum voluptate dolorem et\nqui quo quia voluptas\nrerum ut id enim velit est perferendis"[39m[93m[39m
[93m[37m  },[39m[93m[39m
[93m[37m  {[39m[93m[39m
[93m[37m    "userId": 8,[39m[93m[39m
[93m[37m    "id": 72,[39m[93m[39m
[93m[37m    "title": "sint hic doloribus consequatur eos non id",[39m[93m[39m
[93m[37m    "body": "quam occaecati qui deleniti consectetur\nconsequatur aut facere quas exercitationem aliquam hic voluptas\nneque id sunt ut aut accusamus\nsunt consectetur expedita inventore velit"[39m[93m[39m
[93m[37m  },[39m[93m[39m
[93m[37m  {[39m[93m[39m
[93m[37m    "userId": 8,[39m[93m[39m
[93m[37m    "id": 73,[39m[93m[39m
[93m[37m    "title": "consequuntur deleniti eos quia temporibus ab aliquid at",[39m[93m[39m
[93m[37m    "body": "voluptatem cumque tenetur consequatur expedita ipsum nemo quia explicabo\naut eum minima consequatur\ntempore cumque quae est et\net in consequuntur voluptatem voluptates aut"[39m[93m[39m
[93m[37m  },[39m[93m[39m
[93m[37m  {[39m[93m[39m
[93m[37m    "userId": 8,[39m[93m[39m
[93m[37m    "id": 74,[39m[93m[39m
[93m[37m    "title": "enim unde ratione doloribus quas enim ut sit sapiente",[39m[93m[39m
[93m[37m    "body": "odit qui et et necessitatibus sint veniam\nmollitia amet doloremque molestiae commodi similique magnam et quam\nblanditiis est itaque\nquo et tenetur ratione occaecati molestiae tempora"[39m[93m[39m
[93m[37m  },[39m[93m[39m
[93m[37m  {[39m[93m[39m
[93m[37m    "userId": 8,[39m[93m[39m
[93m[37m    "id": 75,[39m[93m[39m
[93m[37m    "title": "dignissimos eum dolor ut enim et delectus in",[39m[93m[39m
[93m[37m    "body": "commodi non non omnis et voluptas sit\nautem aut nobis magnam et sapiente voluptatem\net laborum repellat qui delectus facilis temporibus\nrerum amet et nemo voluptate expedita adipisci error dolorem"[39m[93m[39m
[93m[37m  },[39m[93m[39m
[93m[37m  {[39m[93m[39m
[93m[37m    "userId": 8,[39m[93m[39m
[93m[37m    "id": 76,[39m[93m[39m
[93m[37m    "title": "doloremque officiis ad et non perferendis",[39m[93m[39m
[93m[37m    "body": "ut animi facere\ntotam iusto tempore\nmolestiae eum aut et dolorem aperiam\nquaerat recusandae totam odio"[39m[93m[39m
[93m[37m  },[39m[93m[39m
[93m[37m  {[39m[93m[39m
[93m[37m    "userId": 8,[39m[93m[39m
[93m[37m    "id": 77,[39m[93m[39m
[93m[37m    "title": "necessitatibus quasi exercitationem odio",[39m[93m[39m
[93m[37m    "body": "modi ut in nulla repudiandae dolorum nostrum eos\naut consequatur omnis\nut incidunt est omnis iste et quam\nvoluptates sapiente aliquam asperiores nobis amet corrupti repudiandae provident"[39m[93m[39m
[93m[37m  },[39m[93m[39m
[93m[37m  {[39m[93m[39m
[93m[37m    "userId": 8,[39m[93m[39m
[93m[37m    "id": 78,[39m[93m[39m
[93m[37m    "title": "quam voluptatibus rerum veritatis",[39m[93m[39m
[93m[37m    "body": "nobis facilis odit tempore cupiditate quia\nassumenda doloribus rerum qui ea\nillum et qui totam\naut veniam repellendus"[39m[93m[39m
[93m[37m  },[39m[93m[39m
[93m[37m  {[39m[93m[39m
[93m[37m    "userId": 8,[39m[93m[39m
[93m[37m    "id": 79,[39m[93m[39m
[93m[37m    "title": "pariatur consequatur quia magnam autem omnis non amet",[39m[93m[39m
[93m[37m    "body": "libero accusantium et et facere incidunt sit dolorem\nnon excepturi qui quia sed laudantium\nquisquam molestiae ducimus est\nofficiis esse molestiae iste et quos"[39m[93m[39m
[93m[37m  },[39m[93m[39m
[93m[37m  {[39m[93m[39m
[93m[37m    "userId": 8,[39m[93m[39m
[93m[37m    "id": 80,[39m[93m[39m
[93m[37m    "title": "labore in ex et explicabo corporis aut quas",[39m[93m[39m
[93m[37m    "body": "ex quod dolorem ea eum iure qui provident amet\nquia qui facere excepturi et repudiandae\nasperiores molestias provident\nminus incidunt vero fugit rerum sint sunt excepturi provident"[39m[93m[39m
[93m[37m  },[39m[93m[39m
[93m[37m  {[39m[93m[39m
[93m[37m    "userId": 9,[39m[93m[39m
[93m[37m    "id": 81,[39m[93m[39m
[93m[37m    "title": "tempora rem veritatis voluptas quo dolores vero",[39m[93m[39m
[93m[37m    "body": "facere qui nesciunt est voluptatum voluptatem nisi\nsequi eligendi necessitatibus ea at rerum itaque\nharum non ratione velit laboriosam quis consequuntur\nex officiis minima doloremque voluptas ut aut"[39m[93m[39m
[93m[37m  },[39m[93m[39m
[93m[37m  {[39m[93m[39m
[93m[37m    "userId": 9,[39m[93m[39m
[93m[37m    "id": 82,[39m[93m[39m
[93m[37m    "title": "laudantium voluptate suscipit sunt enim enim",[39m[93m[39m
[93m[37m    "body": "ut libero sit aut totam inventore sunt\nporro sint qui sunt molestiae\nconsequatur cupiditate qui iste ducimus adipisci\ndolor enim assumenda soluta laboriosam amet iste delectus hic"[39m[93m[39m
[93m[37m  },[39m[93m[39m
[93m[37m  {[39m[93m[39m
[93m[37m    "userId": 9,[39m[93m[39m
[93m[37m    "id": 83,[39m[93m[39m
[93m[37m    "title": "odit et voluptates doloribus alias odio et",[39m[93m[39m
[93m[37m    "body": "est molestiae facilis quis tempora numquam nihil qui\nvoluptate sapiente consequatur est qui\nnecessitatibus autem aut ipsa aperiam modi dolore numquam\nreprehenderit eius rem quibusdam"[39m[93m[39m
[93m[37m  },[39m[93m[39m
[93m[37m  {[39m[93m[39m
[93m[37m    "userId": 9,[39m[93m[39m
[93m[37m    "id": 84,[39m[93m[39m
[93m[37m    "title": "optio ipsam molestias necessitatibus occaecati facilis veritatis dolores aut",[39m[93m[39m
[93m[37m    "body": "sint molestiae magni a et quos\neaque et quasi\nut rerum debitis similique veniam\nrecusandae dignissimos dolor incidunt consequatur odio"[39m[93m[39m
[93m[37m  },[39m[93m[39m
[93m[37m  {[39m[93m[39m
[93m[37m    "userId": 9,[39m[93m[39m
[93m[37m    "id": 85,[39m[93m[39m
[93m[37m    "title": "dolore veritatis porro provident adipisci blanditiis et sunt",[39m[93m[39m
[93m[37m    "body": "similique sed nisi voluptas iusto omnis\nmollitia et quo\nassumenda suscipit officia magnam sint sed tempora\nenim provident pariatur praesentium atque animi amet ratione"[39m[93m[39m
[93m[37m  },[39m[93m[39m
[93m[37m  {[39m[93m[39m
[93m[37m    "userId": 9,[39m[93m[39m
[93m[37m    "id": 86,[39m[93m[39m
[93m[37m    "title": "placeat quia et porro iste",[39m[93m[39m
[93m[37m    "body": "quasi excepturi consequatur iste autem temporibus sed molestiae beatae\net quaerat et esse ut\nvoluptatem occaecati et vel explicabo autem\nasperiores pariatur deserunt optio"[39m[93m[39m
[93m[37m  },[39m[93m[39m
[93m[37m  {[39m[93m[39m
[93m[37m    "userId": 9,[39m[93m[39m
[93m[37m    "id": 87,[39m[93m[39m
[93m[37m    "title": "nostrum quis quasi placeat",[39m[93m[39m
[93m[37m    "body": "eos et molestiae\nnesciunt ut a\ndolores perspiciatis repellendus repellat aliquid\nmagnam sint rem ipsum est"[39m[93m[39m
[93m[37m  },[39m[93m[39m
[93m[37m  {[39m[93m[39m
[93m[37m    "userId": 9,[39m[93m[39m
[93m[37m    "id": 88,[39m[93m[39m
[93m[37m    "title": "sapiente omnis fugit eos",[39m[93m[39m
[93m[37m    "body": "consequatur omnis est praesentium\nducimus non iste\nneque hic deserunt\nvoluptatibus veniam cum et rerum sed"[39m[93m[39m
[93m[37m  },[39m[93m[39m
[93m[37m  {[39m[93m[39m
[93m[37m    "userId": 9,[39m[93m[39m
[93m[37m    "id": 89,[39m[93m[39m
[93m[37m    "title": "sint soluta et vel magnam aut ut sed qui",[39m[93m[39m
[93m[37m    "body": "repellat aut aperiam totam temporibus autem et\narchitecto magnam ut\nconsequatur qui cupiditate rerum quia soluta dignissimos nihil iure\ntempore quas est"[39m[93m[39m
[93m[37m  },[39m[93m[39m
[93m[37m  {[39m[93m[39m
[93m[37m    "userId": 9,[39m[93m[39m
[93m[37m    "id": 90,[39m[93m[39m
[93m[37m    "title": "ad iusto omnis odit dolor voluptatibus",[39m[93m[39m
[93m[37m    "body": "minus omnis soluta quia\nqui sed adipisci voluptates illum ipsam voluptatem\neligendi officia ut in\neos soluta similique molestias praesentium blanditiis"[39m[93m[39m
[93m[37m  },[39m[93m[39m
[93m[37m  {[39m[93m[39m
[93m[37m    "userId": 10,[39m[93m[39m
[93m[37m    "id": 91,[39m[93m[39m
[93m[37m    "title": "aut amet sed",[39m[93m[39m
[93m[37m    "body": "libero voluptate eveniet aperiam sed\nsunt placeat suscipit molestias\nsimilique fugit nam natus\nexpedita consequatur consequatur dolores quia eos et placeat"[39m[93m[39m
[93m[37m  },[39m[93m[39m
[93m[37m  {[39m[93m[39m
[93m[37m    "userId": 10,[39m[93m[39m
[93m[37m    "id": 92,[39m[93m[39m
[93m[37m    "title": "ratione ex tenetur perferendis",[39m[93m[39m
[93m[37m    "body": "aut et excepturi dicta laudantium sint rerum nihil\nlaudantium et at\na neque minima officia et similique libero et\ncommodi voluptate qui"[39m[93m[39m
[93m[37m  },[39m[93m[39m
[93m[37m  {[39m[93m[39m
[93m[37m    "userId": 10,[39m[93m[39m
[93m[37m    "id": 93,[39m[93m[39m
[93m[37m    "title": "beatae soluta recusandae",[39m[93m[39m
[93m[37m    "body": "dolorem quibusdam ducimus consequuntur dicta aut quo laboriosam\nvoluptatem quis enim recusandae ut sed sunt\nnostrum est odit totam\nsit error sed sunt eveniet provident qui nulla"[39m[93m[39m
[93m[37m  },[39m[93m[39m
[93m[37m  {[39m[93m[39m
[93m[37m    "userId": 10,[39m[93m[39m
[93m[37m    "id": 94,[39m[93m[39m
[93m[37m    "title": "qui qui voluptates illo iste minima",[39m[93m[39m
[93m[37m    "body": "aspernatur expedita soluta quo ab ut similique\nexpedita dolores amet\nsed temporibus distinctio magnam saepe deleniti\nomnis facilis nam ipsum natus sint similique omnis"[39m[93m[39m
[93m[37m  },[39m[93m[39m
[93m[37m  {[39m[93m[39m
[93m[37m    "userId": 10,[39m[93m[39m
[93m[37m    "id": 95,[39m[93m[39m
[93m[37m    "title": "id minus libero illum nam ad officiis",[39m[93m[39m
[93m[37m    "body": "earum voluptatem facere provident blanditiis velit laboriosam\npariatur accusamus odio saepe\ncumque dolor qui a dicta ab doloribus consequatur omnis\ncorporis cupiditate eaque assumenda ad nesciunt"[39m[93m[39m
[93m[37m  },[39m[93m[39m
[93m[37m  {[39m[93m[39m
[93m[37m    "userId": 10,[39m[93m[39m
[93m[37m    "id": 96,[39m[93m[39m
[93m[37m    "title": "quaerat velit veniam amet cupiditate aut numquam ut sequi",[39m[93m[39m
[93m[37m    "body": "in non odio excepturi sint eum\nlabore voluptates vitae quia qui et\ninventore itaque rerum\nveniam non exercitationem delectus aut"[39m[93m[39m
[93m[37m  },[39m[93m[39m
[93m[37m  {[39m[93m[39m
[93m[37m    "userId": 10,[39m[93m[39m
[93m[37m    "id": 97,[39m[93m[39m
[93m[37m    "title": "quas fugiat ut perspiciatis vero provident",[39m[93m[39m
[93m[37m    "body": "eum non blanditiis soluta porro quibusdam voluptas\nvel voluptatem qui placeat dolores qui velit aut\nvel inventore aut cumque culpa explicabo aliquid at\nperspiciatis est et voluptatem dignissimos dolor itaque sit nam"[39m[93m[39m
[93m[37m  },[39m[93m[39m
[93m[37m  {[39m[93m[39m
[93m[37m    "userId": 10,[39m[93m[39m
[93m[37m    "id": 98,[39m[93m[39m
[93m[37m    "title": "laboriosam dolor voluptates",[39m[93m[39m
[93m[37m    "body": "doloremque ex facilis sit sint culpa\nsoluta assumenda eligendi non ut eius\nsequi ducimus vel quasi\nveritatis est dolores"[39m[93m[39m
[93m[37m  },[39m[93m[39m
[93m[37m  {[39m[93m[39m
[93m[37m    "userId": 10,[39m[93m[39m
[93m[37m    "id": 99,[39m[93m[39m
[93m[37m    "title": "temporibus sit alias delectus eligendi possimus magni",[39m[93m[39m
[93m[37m    "body": "quo deleniti praesentium dicta non quod\naut est molestias\nmolestias et officia quis nihil\nitaque dolorem quia"[39m[93m[39m
[93m[37m  },[39m[93m[39m
[93m[37m  {[39m[93m[39m
[93m[37m    "userId": 10,[39m[93m[39m
[93m[37m    "id": 100,[39m[93m[39m
[93m[37m    "title": "at nam consequatur ea labore ea harum",[39m[93m[39m
[93m[37m    "body": "cupiditate quo est a modi nesciunt soluta\nipsa voluptas error itaque dicta in\nautem qui minus magnam et distinctio eum\naccusamus ratione error aut"[39m[93m[39m
[93m[37m  }[39m[93m[39m
[93m[37m][39m[93m[39m